Using pre-set license
Built from '2021.1/staging' branch; Version is '2021.1.5f1 (3737af19df53) revision 3618735'; Using compiler version '192528614'; Build Type 'Release'
OS: 'Windows 10 Home; OS build 19042.1165; Version 2009; 64bit' Language: 'en' Physical Memory: 16300 MB
BatchMode: 1, IsHumanControllingUs: 0, StartBugReporterOnCrash: 0, Is64bit: 1, IsPro: 0

 COMMAND LINE ARGUMENTS:
C:\Program Files\Unity\Hub\Editor\2021.1.5f1\Editor\Unity.exe
-adb2
-batchMode
-noUpm
-name
AssetImportWorker0
-projectPath
C:/Users/USER/UnityProjects/Roguelike
-logFile
Logs/AssetImportWorker0.log
-srvPort
1086
Successfully changed project path to: C:/Users/USER/UnityProjects/Roguelike
C:/Users/USER/UnityProjects/Roguelike
Using Asset Import Pipeline V2.
Refreshing native plugins compatible for Editor in 82.94 ms, found 2 plugins.
Preloading 0 native plugins for Editor in 0.00 ms.
Initialize engine version: 2021.1.5f1 (3737af19df53)
[Subsystems] Discovering subsystems at path C:/Program Files/Unity/Hub/Editor/2021.1.5f1/Editor/Data/Resources/UnitySubsystems
[Subsystems] Discovering subsystems at path C:/Users/USER/UnityProjects/Roguelike/Assets
GfxDevice: creating device client; threaded=0; jobified=0
Direct3D:
    Version:  Direct3D 11.0 [level 11.1]
    Renderer: NVIDIA GeForce GTX 1060 6GB (ID=0x1c03)
    Vendor:   NVIDIA
    VRAM:     6052 MB
    Driver:   30.0.14.7168
Initialize mono
Mono path[0] = 'C:/Program Files/Unity/Hub/Editor/2021.1.5f1/Editor/Data/Managed'
Mono path[1] = 'C:/Program Files/Unity/Hub/Editor/2021.1.5f1/Editor/Data/MonoBleedingEdge/lib/mono/unityjit'
Mono config path = 'C:/Program Files/Unity/Hub/Editor/2021.1.5f1/Editor/Data/MonoBleedingEdge/etc'
Using monoOptions --debugger-agent=transport=dt_socket,embedding=1,server=y,suspend=n,address=127.0.0.1:56900
Begin MonoManager ReloadAssembly
Registering precompiled unity dll's ...
Register platform support module: C:/Program Files/Unity/Hub/Editor/2021.1.5f1/Editor/Data/PlaybackEngines/WindowsStandaloneSupport/UnityEditor.WindowsStandalone.Extensions.dll
Registered in 0.001896 seconds.
Native extension for WindowsStandalone target not found
Refreshing native plugins compatible for Editor in 83.74 ms, found 2 plugins.
Preloading 0 native plugins for Editor in 0.00 ms.
Mono: successfully reloaded assembly
- Completed reload, in  1.056 seconds
Platform modules already initialized, skipping
Registering precompiled user dll's ...
Registered in 0.003313 seconds.
Begin MonoManager ReloadAssembly
Native extension for WindowsStandalone target not found
Refreshing native plugins compatible for Editor in 83.49 ms, found 2 plugins.
Preloading 0 native plugins for Editor in 0.00 ms.
Mono: successfully reloaded assembly
- Completed reload, in  0.964 seconds
Platform modules already initialized, skipping
========================================================================
Worker process is ready to serve import requests
Launched and connected shader compiler UnityShaderCompiler.exe after 0.04 seconds
Refreshing native plugins compatible for Editor in 0.54 ms, found 2 plugins.
Preloading 0 native plugins for Editor in 0.00 ms.
Unloading 3377 Unused Serialized files (Serialized files now loaded: 0)
System memory in use before: 128.0 MB.
System memory in use after: 128.1 MB.

Unloading 29 unused Assets to reduce memory usage. Loaded Objects now: 3830.
Total: 1.985100 ms (FindLiveObjects: 0.213800 ms CreateObjectMapping: 0.136100 ms MarkObjects: 1.541900 ms  DeleteObjects: 0.092300 ms)

========================================================================
Received Import Request.
  path: Assets/Prefabs/Room.prefab
  artifactKey: Guid(63decd2e59d10214caddddaf5fb1152e) Importer(815301076,1909f56bfc062723c751e8b465ee728b)
Start importing Assets/Prefabs/Room.prefab using Guid(63decd2e59d10214caddddaf5fb1152e) Importer(815301076,1909f56bfc062723c751e8b465ee728b)  -> (artifact id: 'e61b2fbbb189abe347ecafaa9007f03b') in 0.043623 seconds 
========================================================================
Received Import Request.
  Time since last request: 1.056949 seconds.
  path: Assets/Scripts/RoomManager.cs
  artifactKey: Guid(7a8cbf9495184424eb94966892cd4fba) Importer(815301076,1909f56bfc062723c751e8b465ee728b)
Start importing Assets/Scripts/RoomManager.cs using Guid(7a8cbf9495184424eb94966892cd4fba) Importer(815301076,1909f56bfc062723c751e8b465ee728b)  -> (artifact id: 'fe937d95e2415ebd873a4d9473159a35') in 0.014582 seconds 
========================================================================
Received Prepare
Refreshing native plugins compatible for Editor in 2.70 ms, found 2 plugins.
Preloading 0 native plugins for Editor in 0.00 ms.
Unloading 15 Unused Serialized files (Serialized files now loaded: 0)
System memory in use before: 61.4 MB.
System memory in use after: 61.5 MB.

Unloading 15 unused Assets to reduce memory usage. Loaded Objects now: 3830.
Total: 2.200300 ms (FindLiveObjects: 0.224300 ms CreateObjectMapping: 0.146300 ms MarkObjects: 1.755800 ms  DeleteObjects: 0.073200 ms)

========================================================================
Received Import Request.
  Time since last request: 43.295579 seconds.
  path: Assets/Scripts/RoomManager.cs
  artifactKey: Guid(7a8cbf9495184424eb94966892cd4fba) Importer(815301076,1909f56bfc062723c751e8b465ee728b)
Start importing Assets/Scripts/RoomManager.cs using Guid(7a8cbf9495184424eb94966892cd4fba) Importer(815301076,1909f56bfc062723c751e8b465ee728b)  -> (artifact id: '8c5647680ad0f31bf5e5a3b6b902edbc') in 0.001711 seconds 
========================================================================
Received Prepare
Registering precompiled user dll's ...
Registered in 0.003105 seconds.
Begin MonoManager ReloadAssembly
Native extension for WindowsStandalone target not found
Refreshing native plugins compatible for Editor in 0.56 ms, found 2 plugins.
Preloading 0 native plugins for Editor in 0.00 ms.
Mono: successfully reloaded assembly
- Completed reload, in  0.866 seconds
Platform modules already initialized, skipping
Refreshing native plugins compatible for Editor in 0.52 ms, found 2 plugins.
Preloading 0 native plugins for Editor in 0.00 ms.
Unloading 3372 Unused Serialized files (Serialized files now loaded: 0)
System memory in use before: 128.1 MB.
System memory in use after: 128.2 MB.

Unloading 17 unused Assets to reduce memory usage. Loaded Objects now: 3834.
Total: 2.185100 ms (FindLiveObjects: 0.238600 ms CreateObjectMapping: 0.164900 ms MarkObjects: 1.701700 ms  DeleteObjects: 0.078800 ms)

========================================================================
Received Prepare
Registering precompiled user dll's ...
Registered in 0.003194 seconds.
Begin MonoManager ReloadAssembly
Native extension for WindowsStandalone target not found
Refreshing native plugins compatible for Editor in 0.52 ms, found 2 plugins.
Preloading 0 native plugins for Editor in 0.00 ms.
Mono: successfully reloaded assembly
- Completed reload, in  0.801 seconds
Platform modules already initialized, skipping
Refreshing native plugins compatible for Editor in 0.53 ms, found 2 plugins.
Preloading 0 native plugins for Editor in 0.00 ms.
Unloading 3372 Unused Serialized files (Serialized files now loaded: 0)
System memory in use before: 128.1 MB.
System memory in use after: 128.2 MB.

Unloading 17 unused Assets to reduce memory usage. Loaded Objects now: 3838.
Total: 2.285700 ms (FindLiveObjects: 0.215800 ms CreateObjectMapping: 0.106600 ms MarkObjects: 1.885700 ms  DeleteObjects: 0.077000 ms)

AssetImportWorkerClient::OnTransportError - code=2 error=End of file
